<?xml version="1.0" encoding="UTF-8"?>
<!-- Generated by org.testng.reporters.JUnitReportReporter -->
<testsuite hostname="LAPTOP-OHFET1BT" name="Test.Dresses_Test" tests="6" failures="0" timestamp="13 Feb 2020 06:20:58 GMT" time="19.973" errors="0">
  <testcase name="verifyWomenTab_onClick" time="4.038" classname="Test.Dresses_Test"/>
  <testcase name="verifyDressesTab" time="0.514" classname="Test.Dresses_Test"/>
  <testcase name="verifyTshirtsTab" time="0.107" classname="Test.Dresses_Test"/>
  <testcase name="verifyWomenTab" time="0.100" classname="Test.Dresses_Test"/>
  <testcase name="verifyDressesTab_onClick" time="5.163" classname="Test.Dresses_Test"/>
  <testcase name="verifyTShirtsTab_onClick" time="10.051" classname="Test.Dresses_Test"/>
</testsuite> <!-- Test.Dresses_Test -->
